# JRE version: Java(TM) SE Runtime Environment (8.0_181-b13) (build 1.8.0_181-b13)
# Java VM: Java HotSpot(TM) 64-Bit Server VM (25.181-b13 mixed mode windows-amd64 compressed oops)
Heap:
 PSYoungGen      total 175616K, used 14091K [0x00000000d5d00000, 0x00000000e3a00000, 0x0000000100000000)
  eden space 171520K, 8% used [0x00000000d5d00000,0x00000000d6a66cc0,0x00000000e0480000)
  from space 4096K, 8% used [0x00000000e0b00000,0x00000000e0b5c010,0x00000000e0f00000)
  to   space 6656K, 0% used [0x00000000e0480000,0x00000000e0480000,0x00000000e0b00000)
 ParOldGen       total 53760K, used 7884K [0x0000000081600000, 0x0000000084a80000, 0x00000000d5d00000)
  object space 53760K, 14% used [0x0000000081600000,0x0000000081db3370,0x0000000084a80000)
 Metaspace       used 20950K, capacity 21368K, committed 21552K, reserved 1069056K
  class space    used 2248K, capacity 2364K, committed 2432K, reserved 1048576K
GC Heap History (10 events):
Event: 28.360 GC heap before
{Heap before GC invocations=21 (full 1):
 PSYoungGen      total 140288K, used 304K [0x00000000d5d00000, 0x00000000def00000, 0x0000000100000000)
  eden space 132608K, 0% used [0x00000000d5d00000,0x00000000d5d00000,0x00000000dde80000)
  from space 7680K, 3% used [0x00000000de680000,0x00000000de6cc010,0x00000000dee00000)
  to   space 8192K, 0% used [0x00000000dde80000,0x00000000dde80000,0x00000000de680000)
 ParOldGen       total 87552K, used 12051K [0x0000000081600000, 0x0000000086b80000, 0x00000000d5d00000)
  object space 87552K, 13% used [0x0000000081600000,0x00000000821c4d58,0x0000000086b80000)
 Metaspace       used 20806K, capacity 21210K, committed 21296K, reserved 1069056K
  class space    used 2238K, capacity 2349K, committed 2432K, reserved 1048576K
Event: 28.511 GC heap after
Heap after GC invocations=21 (full 1):
 PSYoungGen      total 140288K, used 0K [0x00000000d5d00000, 0x00000000def00000, 0x0000000100000000)
  eden space 132608K, 0% used [0x00000000d5d00000,0x00000000d5d00000,0x00000000dde80000)
  from space 7680K, 0% used [0x00000000de680000,0x00000000de680000,0x00000000dee00000)
  to   space 8192K, 0% used [0x00000000dde80000,0x00000000dde80000,0x00000000de680000)
 ParOldGen       total 53760K, used 7740K [0x0000000081600000, 0x0000000084a80000, 0x00000000d5d00000)
  object space 53760K, 14% used [0x0000000081600000,0x0000000081d8f370,0x0000000084a80000)
 Metaspace       used 20806K, capacity 21210K, committed 21296K, reserved 1069056K
  class space    used 2238K, capacity 2349K, committed 2432K, reserved 1048576K
}
Event: 29.910 GC heap before
{Heap before GC invocations=22 (full 1):
 PSYoungGen      total 140288K, used 132608K [0x00000000d5d00000, 0x00000000def00000, 0x0000000100000000)
  eden space 132608K, 100% used [0x00000000d5d00000,0x00000000dde80000,0x00000000dde80000)
  from space 7680K, 0% used [0x00000000de680000,0x00000000de680000,0x00000000dee00000)
  to   space 8192K, 0% used [0x00000000dde80000,0x00000000dde80000,0x00000000de680000)
 ParOldGen       total 53760K, used 7740K [0x0000000081600000, 0x0000000084a80000, 0x00000000d5d00000)
  object space 53760K, 14% used [0x0000000081600000,0x0000000081d8f370,0x0000000084a80000)
 Metaspace       used 20850K, capacity 21308K, committed 21552K, reserved 1069056K
  class space    used 2242K, capacity 2354K, committed 2432K, reserved 1048576K
Event: 29.935 GC heap after
Heap after GC invocations=22 (full 1):
 PSYoungGen      total 140800K, used 1188K [0x00000000d5d00000, 0x00000000e1200000, 0x0000000100000000)
  eden space 132608K, 0% used [0x00000000d5d00000,0x00000000d5d00000,0x00000000dde80000)
  from space 8192K, 14% used [0x00000000dde80000,0x00000000ddfa9378,0x00000000de680000)
  to   space 7168K, 0% used [0x00000000e0b00000,0x00000000e0b00000,0x00000000e1200000)
 ParOldGen       total 53760K, used 7740K [0x0000000081600000, 0x0000000084a80000, 0x00000000d5d00000)
  object space 53760K, 14% used [0x0000000081600000,0x0000000081d8f370,0x0000000084a80000)
 Metaspace       used 20850K, capacity 21308K, committed 21552K, reserved 1069056K
  class space    used 2242K, capacity 2354K, committed 2432K, reserved 1048576K
}
Event: 31.217 GC heap before
{Heap before GC invocations=23 (full 1):
 PSYoungGen      total 140800K, used 133796K [0x00000000d5d00000, 0x00000000e1200000, 0x0000000100000000)
  eden space 132608K, 100% used [0x00000000d5d00000,0x00000000dde80000,0x00000000dde80000)
  from space 8192K, 14% used [0x00000000dde80000,0x00000000ddfa9378,0x00000000de680000)
  to   space 7168K, 0% used [0x00000000e0b00000,0x00000000e0b00000,0x00000000e1200000)
 ParOldGen       total 53760K, used 7740K [0x0000000081600000, 0x0000000084a80000, 0x00000000d5d00000)
  object space 53760K, 14% used [0x0000000081600000,0x0000000081d8f370,0x0000000084a80000)
 Metaspace       used 20872K, capacity 21326K, committed 21552K, reserved 1069056K
  class space    used 2244K, capacity 2357K, committed 2432K, reserved 1048576K
Event: 31.221 GC heap after
Heap after GC invocations=23 (full 1):
 PSYoungGen      total 172032K, used 1235K [0x00000000d5d00000, 0x00000000e0f00000, 0x0000000100000000)
  eden space 167936K, 0% used [0x00000000d5d00000,0x00000000d5d00000,0x00000000e0100000)
  from space 4096K, 30% used [0x00000000e0b00000,0x00000000e0c34cc8,0x00000000e0f00000)
  to   space 7168K, 0% used [0x00000000e0100000,0x00000000e0100000,0x00000000e0800000)
 ParOldGen       total 53760K, used 7836K [0x0000000081600000, 0x0000000084a80000, 0x00000000d5d00000)
  object space 53760K, 14% used [0x0000000081600000,0x0000000081da7370,0x0000000084a80000)
 Metaspace       used 20872K, capacity 21326K, committed 21552K, reserved 1069056K
  class space    used 2244K, capacity 2357K, committed 2432K, reserved 1048576K
}
Event: 32.579 GC heap before
{Heap before GC invocations=24 (full 1):
 PSYoungGen      total 172032K, used 169171K [0x00000000d5d00000, 0x00000000e0f00000, 0x0000000100000000)
  eden space 167936K, 100% used [0x00000000d5d00000,0x00000000e0100000,0x00000000e0100000)
  from space 4096K, 30% used [0x00000000e0b00000,0x00000000e0c34cc8,0x00000000e0f00000)
  to   space 7168K, 0% used [0x00000000e0100000,0x00000000e0100000,0x00000000e0800000)
 ParOldGen       total 53760K, used 7836K [0x0000000081600000, 0x0000000084a80000, 0x00000000d5d00000)
  object space 53760K, 14% used [0x0000000081600000,0x0000000081da7370,0x0000000084a80000)
 Metaspace       used 20929K, capacity 21356K, committed 21552K, reserved 1069056K
  class space    used 2246K, capacity 2362K, committed 2432K, reserved 1048576K
Event: 32.587 GC heap after
Heap after GC invocations=24 (full 1):
 PSYoungGen      total 175104K, used 400K [0x00000000d5d00000, 0x00000000e0f00000, 0x0000000100000000)
  eden space 167936K, 0% used [0x00000000d5d00000,0x00000000d5d00000,0x00000000e0100000)
  from space 7168K, 5% used [0x00000000e0100000,0x00000000e0164010,0x00000000e0800000)
  to   space 4096K, 0% used [0x00000000e0b00000,0x00000000e0b00000,0x00000000e0f00000)
 ParOldGen       total 53760K, used 7868K [0x0000000081600000, 0x0000000084a80000, 0x00000000d5d00000)
  object space 53760K, 14% used [0x0000000081600000,0x0000000081daf370,0x0000000084a80000)
 Metaspace       used 20929K, capacity 21356K, committed 21552K, reserved 1069056K
  class space    used 2246K, capacity 2362K, committed 2432K, reserved 1048576K
}
Event: 33.651 GC heap before
{Heap before GC invocations=25 (full 1):
 PSYoungGen      total 175104K, used 168336K [0x00000000d5d00000, 0x00000000e0f00000, 0x0000000100000000)
  eden space 167936K, 100% used [0x00000000d5d00000,0x00000000e0100000,0x00000000e0100000)
  from space 7168K, 5% used [0x00000000e0100000,0x00000000e0164010,0x00000000e0800000)
  to   space 4096K, 0% used [0x00000000e0b00000,0x00000000e0b00000,0x00000000e0f00000)
 ParOldGen       total 53760K, used 7868K [0x0000000081600000, 0x0000000084a80000, 0x00000000d5d00000)
  object space 53760K, 14% used [0x0000000081600000,0x0000000081daf370,0x0000000084a80000)
 Metaspace       used 20950K, capacity 21368K, committed 21552K, reserved 1069056K
  class space    used 2248K, capacity 2364K, committed 2432K, reserved 1048576K
Event: 33.666 GC heap after
Heap after GC invocations=25 (full 1):
 PSYoungGen      total 175616K, used 368K [0x00000000d5d00000, 0x00000000e3a00000, 0x0000000100000000)
  eden space 171520K, 0% used [0x00000000d5d00000,0x00000000d5d00000,0x00000000e0480000)
  from space 4096K, 8% used [0x00000000e0b00000,0x00000000e0b5c010,0x00000000e0f00000)
  to   space 6656K, 0% used [0x00000000e0480000,0x00000000e0480000,0x00000000e0b00000)
 ParOldGen       total 53760K, used 7884K [0x0000000081600000, 0x0000000084a80000, 0x00000000d5d00000)
  object space 53760K, 14% used [0x0000000081600000,0x0000000081db3370,0x0000000084a80000)
 Metaspace       used 20950K, capacity 21368K, committed 21552K, reserved 1069056K
  class space    used 2248K, capacity 2364K, committed 2432K, reserved 1048576K
}

