# JRE version: Java(TM) SE Runtime Environment (8.0_181-b13) (build 1.8.0_181-b13)
# Java VM: Java HotSpot(TM) 64-Bit Server VM (25.181-b13 mixed mode windows-amd64 compressed oops)
Heap:
 PSYoungGen      total 244736K, used 234513K [0x00000000d5d00000, 0x00000000e8500000, 0x0000000100000000)
  eden space 243200K, 95% used [0x00000000d5d00000,0x00000000e40f8df8,0x00000000e4a80000)
  from space 1536K, 69% used [0x00000000e8380000,0x00000000e848b608,0x00000000e8500000)
  to   space 6144K, 0% used [0x00000000e7900000,0x00000000e7900000,0x00000000e7f00000)
 ParOldGen       total 54784K, used 8186K [0x0000000081600000, 0x0000000084b80000, 0x00000000d5d00000)
  object space 54784K, 14% used [0x0000000081600000,0x0000000081dfeb40,0x0000000084b80000)
 Metaspace       used 21385K, capacity 21806K, committed 22064K, reserved 1069056K
  class space    used 2260K, capacity 2373K, committed 2432K, reserved 1048576K
GC Heap History (10 events):
Event: 37.005 GC heap before
{Heap before GC invocations=23 (full 1):
 PSYoungGen      total 261632K, used 255107K [0x00000000d5d00000, 0x00000000e6c00000, 0x0000000100000000)
  eden space 253952K, 100% used [0x00000000d5d00000,0x00000000e5500000,0x00000000e5500000)
  from space 7680K, 15% used [0x00000000e5500000,0x00000000e5620d20,0x00000000e5c80000)
  to   space 8192K, 0% used [0x00000000e5c80000,0x00000000e5c80000,0x00000000e6480000)
 ParOldGen       total 54784K, used 7890K [0x0000000081600000, 0x0000000084b80000, 0x00000000d5d00000)
  object space 54784K, 14% used [0x0000000081600000,0x0000000081db4b40,0x0000000084b80000)
 Metaspace       used 21084K, capacity 21584K, committed 21808K, reserved 1069056K
  class space    used 2249K, capacity 2368K, committed 2432K, reserved 1048576K
Event: 37.007 GC heap after
Heap after GC invocations=23 (full 1):
 PSYoungGen      total 262144K, used 304K [0x00000000d5d00000, 0x00000000e6c00000, 0x0000000100000000)
  eden space 253952K, 0% used [0x00000000d5d00000,0x00000000d5d00000,0x00000000e5500000)
  from space 8192K, 3% used [0x00000000e5c80000,0x00000000e5ccc010,0x00000000e6480000)
  to   space 7680K, 0% used [0x00000000e5500000,0x00000000e5500000,0x00000000e5c80000)
 ParOldGen       total 54784K, used 7914K [0x0000000081600000, 0x0000000084b80000, 0x00000000d5d00000)
  object space 54784K, 14% used [0x0000000081600000,0x0000000081dbab40,0x0000000084b80000)
 Metaspace       used 21084K, capacity 21584K, committed 21808K, reserved 1069056K
  class space    used 2249K, capacity 2368K, committed 2432K, reserved 1048576K
}
Event: 38.780 GC heap before
{Heap before GC invocations=24 (full 1):
 PSYoungGen      total 262144K, used 254256K [0x00000000d5d00000, 0x00000000e6c00000, 0x0000000100000000)
  eden space 253952K, 100% used [0x00000000d5d00000,0x00000000e5500000,0x00000000e5500000)
  from space 8192K, 3% used [0x00000000e5c80000,0x00000000e5ccc010,0x00000000e6480000)
  to   space 7680K, 0% used [0x00000000e5500000,0x00000000e5500000,0x00000000e5c80000)
 ParOldGen       total 54784K, used 7914K [0x0000000081600000, 0x0000000084b80000, 0x00000000d5d00000)
  object space 54784K, 14% used [0x0000000081600000,0x0000000081dbab40,0x0000000084b80000)
 Metaspace       used 21228K, capacity 21712K, committed 21808K, reserved 1069056K
  class space    used 2258K, capacity 2368K, committed 2432K, reserved 1048576K
Event: 38.783 GC heap after
Heap after GC invocations=24 (full 1):
 PSYoungGen      total 261632K, used 560K [0x00000000d5d00000, 0x00000000e6c00000, 0x0000000100000000)
  eden space 253952K, 0% used [0x00000000d5d00000,0x00000000d5d00000,0x00000000e5500000)
  from space 7680K, 7% used [0x00000000e5500000,0x00000000e558c010,0x00000000e5c80000)
  to   space 8192K, 0% used [0x00000000e5c80000,0x00000000e5c80000,0x00000000e6480000)
 ParOldGen       total 54784K, used 7946K [0x0000000081600000, 0x0000000084b80000, 0x00000000d5d00000)
  object space 54784K, 14% used [0x0000000081600000,0x0000000081dc2b40,0x0000000084b80000)
 Metaspace       used 21228K, capacity 21712K, committed 21808K, reserved 1069056K
  class space    used 2258K, capacity 2368K, committed 2432K, reserved 1048576K
}
Event: 40.962 GC heap before
{Heap before GC invocations=25 (full 1):
 PSYoungGen      total 261632K, used 254512K [0x00000000d5d00000, 0x00000000e6c00000, 0x0000000100000000)
  eden space 253952K, 100% used [0x00000000d5d00000,0x00000000e5500000,0x00000000e5500000)
  from space 7680K, 7% used [0x00000000e5500000,0x00000000e558c010,0x00000000e5c80000)
  to   space 8192K, 0% used [0x00000000e5c80000,0x00000000e5c80000,0x00000000e6480000)
 ParOldGen       total 54784K, used 7946K [0x0000000081600000, 0x0000000084b80000, 0x00000000d5d00000)
  object space 54784K, 14% used [0x0000000081600000,0x0000000081dc2b40,0x0000000084b80000)
 Metaspace       used 21275K, capacity 21730K, committed 21808K, reserved 1069056K
  class space    used 2259K, capacity 2371K, committed 2432K, reserved 1048576K
Event: 40.985 GC heap after
Heap after GC invocations=25 (full 1):
 PSYoungGen      total 262144K, used 368K [0x00000000d5d00000, 0x00000000e6c00000, 0x0000000100000000)
  eden space 253952K, 0% used [0x00000000d5d00000,0x00000000d5d00000,0x00000000e5500000)
  from space 8192K, 4% used [0x00000000e5c80000,0x00000000e5cdc010,0x00000000e6480000)
  to   space 7680K, 0% used [0x00000000e5500000,0x00000000e5500000,0x00000000e5c80000)
 ParOldGen       total 54784K, used 8106K [0x0000000081600000, 0x0000000084b80000, 0x00000000d5d00000)
  object space 54784K, 14% used [0x0000000081600000,0x0000000081deab40,0x0000000084b80000)
 Metaspace       used 21275K, capacity 21730K, committed 21808K, reserved 1069056K
  class space    used 2259K, capacity 2371K, committed 2432K, reserved 1048576K
}
Event: 42.169 GC heap before
{Heap before GC invocations=26 (full 1):
 PSYoungGen      total 262144K, used 254320K [0x00000000d5d00000, 0x00000000e6c00000, 0x0000000100000000)
  eden space 253952K, 100% used [0x00000000d5d00000,0x00000000e5500000,0x00000000e5500000)
  from space 8192K, 4% used [0x00000000e5c80000,0x00000000e5cdc010,0x00000000e6480000)
  to   space 7680K, 0% used [0x00000000e5500000,0x00000000e5500000,0x00000000e5c80000)
 ParOldGen       total 54784K, used 8106K [0x0000000081600000, 0x0000000084b80000, 0x00000000d5d00000)
  object space 54784K, 14% used [0x0000000081600000,0x0000000081deab40,0x0000000084b80000)
 Metaspace       used 21312K, capacity 21800K, committed 22064K, reserved 1069056K
  class space    used 2260K, capacity 2372K, committed 2432K, reserved 1048576K
Event: 42.172 GC heap after
Heap after GC invocations=26 (full 1):
 PSYoungGen      total 261632K, used 1216K [0x00000000d5d00000, 0x00000000e8980000, 0x0000000100000000)
  eden space 253952K, 0% used [0x00000000d5d00000,0x00000000d5d00000,0x00000000e5500000)
  from space 7680K, 15% used [0x00000000e5500000,0x00000000e5630340,0x00000000e5c80000)
  to   space 6144K, 0% used [0x00000000e8380000,0x00000000e8380000,0x00000000e8980000)
 ParOldGen       total 54784K, used 8146K [0x0000000081600000, 0x0000000084b80000, 0x00000000d5d00000)
  object space 54784K, 14% used [0x0000000081600000,0x0000000081df4b40,0x0000000084b80000)
 Metaspace       used 21312K, capacity 21800K, committed 22064K, reserved 1069056K
  class space    used 2260K, capacity 2372K, committed 2432K, reserved 1048576K
}
Event: 43.339 GC heap before
{Heap before GC invocations=27 (full 1):
 PSYoungGen      total 261632K, used 255168K [0x00000000d5d00000, 0x00000000e8980000, 0x0000000100000000)
  eden space 253952K, 100% used [0x00000000d5d00000,0x00000000e5500000,0x00000000e5500000)
  from space 7680K, 15% used [0x00000000e5500000,0x00000000e5630340,0x00000000e5c80000)
  to   space 6144K, 0% used [0x00000000e8380000,0x00000000e8380000,0x00000000e8980000)
 ParOldGen       total 54784K, used 8146K [0x0000000081600000, 0x0000000084b80000, 0x00000000d5d00000)
  object space 54784K, 14% used [0x0000000081600000,0x0000000081df4b40,0x0000000084b80000)
 Metaspace       used 21363K, capacity 21806K, committed 22064K, reserved 1069056K
  class space    used 2260K, capacity 2373K, committed 2432K, reserved 1048576K
Event: 43.342 GC heap after
Heap after GC invocations=27 (full 1):
 PSYoungGen      total 244736K, used 1069K [0x00000000d5d00000, 0x00000000e8500000, 0x0000000100000000)
  eden space 243200K, 0% used [0x00000000d5d00000,0x00000000d5d00000,0x00000000e4a80000)
  from space 1536K, 69% used [0x00000000e8380000,0x00000000e848b608,0x00000000e8500000)
  to   space 6144K, 0% used [0x00000000e7900000,0x00000000e7900000,0x00000000e7f00000)
 ParOldGen       total 54784K, used 8186K [0x0000000081600000, 0x0000000084b80000, 0x00000000d5d00000)
  object space 54784K, 14% used [0x0000000081600000,0x0000000081dfeb40,0x0000000084b80000)
 Metaspace       used 21363K, capacity 21806K, committed 22064K, reserved 1069056K
  class space    used 2260K, capacity 2373K, committed 2432K, reserved 1048576K
}

