# JRE version: Java(TM) SE Runtime Environment (8.0_181-b13) (build 1.8.0_181-b13)
# Java VM: Java HotSpot(TM) 64-Bit Server VM (25.181-b13 mixed mode windows-amd64 compressed oops)
Heap:
 PSYoungGen      total 38400K, used 5147K [0x00000000d5d00000, 0x00000000d8780000, 0x0000000100000000)
  eden space 33280K, 13% used [0x00000000d5d00000,0x00000000d618bd90,0x00000000d7d80000)
  from space 5120K, 9% used [0x00000000d8280000,0x00000000d82fae80,0x00000000d8780000)
  to   space 5120K, 0% used [0x00000000d7d80000,0x00000000d7d80000,0x00000000d8280000)
 ParOldGen       total 87552K, used 10676K [0x0000000081600000, 0x0000000086b80000, 0x00000000d5d00000)
  object space 87552K, 12% used [0x0000000081600000,0x000000008206d230,0x0000000086b80000)
 Metaspace       used 19354K, capacity 19632K, committed 19712K, reserved 1067008K
  class space    used 2131K, capacity 2224K, committed 2304K, reserved 1048576K
GC Heap History (10 events):
Event: 7.867 GC heap before
{Heap before GC invocations=6 (full 0):
 PSYoungGen      total 38400K, used 38389K [0x00000000d5d00000, 0x00000000d8780000, 0x0000000100000000)
  eden space 33280K, 100% used [0x00000000d5d00000,0x00000000d7d80000,0x00000000d7d80000)
  from space 5120K, 99% used [0x00000000d7d80000,0x00000000d827d7d8,0x00000000d8280000)
  to   space 5120K, 0% used [0x00000000d8280000,0x00000000d8280000,0x00000000d8780000)
 ParOldGen       total 87552K, used 3617K [0x0000000081600000, 0x0000000086b80000, 0x00000000d5d00000)
  object space 87552K, 4% used [0x0000000081600000,0x0000000081988468,0x0000000086b80000)
 Metaspace       used 16857K, capacity 17028K, committed 17408K, reserved 1064960K
  class space    used 1911K, capacity 1982K, committed 2048K, reserved 1048576K
Event: 7.899 GC heap after
Heap after GC invocations=6 (full 0):
 PSYoungGen      total 38400K, used 5093K [0x00000000d5d00000, 0x00000000d8780000, 0x0000000100000000)
  eden space 33280K, 0% used [0x00000000d5d00000,0x00000000d5d00000,0x00000000d7d80000)
  from space 5120K, 99% used [0x00000000d8280000,0x00000000d87797c8,0x00000000d8780000)
  to   space 5120K, 0% used [0x00000000d7d80000,0x00000000d7d80000,0x00000000d8280000)
 ParOldGen       total 87552K, used 4158K [0x0000000081600000, 0x0000000086b80000, 0x00000000d5d00000)
  object space 87552K, 4% used [0x0000000081600000,0x0000000081a0fb80,0x0000000086b80000)
 Metaspace       used 16857K, capacity 17028K, committed 17408K, reserved 1064960K
  class space    used 1911K, capacity 1982K, committed 2048K, reserved 1048576K
}
Event: 9.060 GC heap before
{Heap before GC invocations=7 (full 0):
 PSYoungGen      total 38400K, used 38373K [0x00000000d5d00000, 0x00000000d8780000, 0x0000000100000000)
  eden space 33280K, 100% used [0x00000000d5d00000,0x00000000d7d80000,0x00000000d7d80000)
  from space 5120K, 99% used [0x00000000d8280000,0x00000000d87797c8,0x00000000d8780000)
  to   space 5120K, 0% used [0x00000000d7d80000,0x00000000d7d80000,0x00000000d8280000)
 ParOldGen       total 87552K, used 4158K [0x0000000081600000, 0x0000000086b80000, 0x00000000d5d00000)
  object space 87552K, 4% used [0x0000000081600000,0x0000000081a0fb80,0x0000000086b80000)
 Metaspace       used 19175K, capacity 19428K, committed 19712K, reserved 1067008K
  class space    used 2130K, capacity 2222K, committed 2304K, reserved 1048576K
Event: 9.108 GC heap after
Heap after GC invocations=7 (full 0):
 PSYoungGen      total 38400K, used 4914K [0x00000000d5d00000, 0x00000000d8780000, 0x0000000100000000)
  eden space 33280K, 0% used [0x00000000d5d00000,0x00000000d5d00000,0x00000000d7d80000)
  from space 5120K, 95% used [0x00000000d7d80000,0x00000000d824c970,0x00000000d8280000)
  to   space 5120K, 0% used [0x00000000d8280000,0x00000000d8280000,0x00000000d8780000)
 ParOldGen       total 87552K, used 7392K [0x0000000081600000, 0x0000000086b80000, 0x00000000d5d00000)
  object space 87552K, 8% used [0x0000000081600000,0x0000000081d383b0,0x0000000086b80000)
 Metaspace       used 19175K, capacity 19428K, committed 19712K, reserved 1067008K
  class space    used 2130K, capacity 2222K, committed 2304K, reserved 1048576K
}
Event: 9.516 GC heap before
{Heap before GC invocations=8 (full 0):
 PSYoungGen      total 38400K, used 38194K [0x00000000d5d00000, 0x00000000d8780000, 0x0000000100000000)
  eden space 33280K, 100% used [0x00000000d5d00000,0x00000000d7d80000,0x00000000d7d80000)
  from space 5120K, 95% used [0x00000000d7d80000,0x00000000d824c970,0x00000000d8280000)
  to   space 5120K, 0% used [0x00000000d8280000,0x00000000d8280000,0x00000000d8780000)
 ParOldGen       total 87552K, used 7392K [0x0000000081600000, 0x0000000086b80000, 0x00000000d5d00000)
  object space 87552K, 8% used [0x0000000081600000,0x0000000081d383b0,0x0000000086b80000)
 Metaspace       used 19198K, capacity 19492K, committed 19712K, reserved 1067008K
  class space    used 2130K, capacity 2222K, committed 2304K, reserved 1048576K
Event: 9.542 GC heap after
Heap after GC invocations=8 (full 0):
 PSYoungGen      total 38400K, used 3107K [0x00000000d5d00000, 0x00000000d8780000, 0x0000000100000000)
  eden space 33280K, 0% used [0x00000000d5d00000,0x00000000d5d00000,0x00000000d7d80000)
  from space 5120K, 60% used [0x00000000d8280000,0x00000000d8588d78,0x00000000d8780000)
  to   space 5120K, 0% used [0x00000000d7d80000,0x00000000d7d80000,0x00000000d8280000)
 ParOldGen       total 87552K, used 8489K [0x0000000081600000, 0x0000000086b80000, 0x00000000d5d00000)
  object space 87552K, 9% used [0x0000000081600000,0x0000000081e4a790,0x0000000086b80000)
 Metaspace       used 19198K, capacity 19492K, committed 19712K, reserved 1067008K
  class space    used 2130K, capacity 2222K, committed 2304K, reserved 1048576K
}
Event: 9.928 GC heap before
{Heap before GC invocations=9 (full 0):
 PSYoungGen      total 38400K, used 36387K [0x00000000d5d00000, 0x00000000d8780000, 0x0000000100000000)
  eden space 33280K, 100% used [0x00000000d5d00000,0x00000000d7d80000,0x00000000d7d80000)
  from space 5120K, 60% used [0x00000000d8280000,0x00000000d8588d78,0x00000000d8780000)
  to   space 5120K, 0% used [0x00000000d7d80000,0x00000000d7d80000,0x00000000d8280000)
 ParOldGen       total 87552K, used 8489K [0x0000000081600000, 0x0000000086b80000, 0x00000000d5d00000)
  object space 87552K, 9% used [0x0000000081600000,0x0000000081e4a790,0x0000000086b80000)
 Metaspace       used 19198K, capacity 19492K, committed 19712K, reserved 1067008K
  class space    used 2130K, capacity 2222K, committed 2304K, reserved 1048576K
Event: 9.947 GC heap after
Heap after GC invocations=9 (full 0):
 PSYoungGen      total 38400K, used 2403K [0x00000000d5d00000, 0x00000000d8780000, 0x0000000100000000)
  eden space 33280K, 0% used [0x00000000d5d00000,0x00000000d5d00000,0x00000000d7d80000)
  from space 5120K, 46% used [0x00000000d7d80000,0x00000000d7fd8d78,0x00000000d8280000)
  to   space 5120K, 0% used [0x00000000d8280000,0x00000000d8280000,0x00000000d8780000)
 ParOldGen       total 87552K, used 9233K [0x0000000081600000, 0x0000000086b80000, 0x00000000d5d00000)
  object space 87552K, 10% used [0x0000000081600000,0x0000000081f04790,0x0000000086b80000)
 Metaspace       used 19198K, capacity 19492K, committed 19712K, reserved 1067008K
  class space    used 2130K, capacity 2222K, committed 2304K, reserved 1048576K
}
Event: 10.417 GC heap before
{Heap before GC invocations=10 (full 0):
 PSYoungGen      total 38400K, used 35683K [0x00000000d5d00000, 0x00000000d8780000, 0x0000000100000000)
  eden space 33280K, 100% used [0x00000000d5d00000,0x00000000d7d80000,0x00000000d7d80000)
  from space 5120K, 46% used [0x00000000d7d80000,0x00000000d7fd8d78,0x00000000d8280000)
  to   space 5120K, 0% used [0x00000000d8280000,0x00000000d8280000,0x00000000d8780000)
 ParOldGen       total 87552K, used 9233K [0x0000000081600000, 0x0000000086b80000, 0x00000000d5d00000)
  object space 87552K, 10% used [0x0000000081600000,0x0000000081f04790,0x0000000086b80000)
 Metaspace       used 19313K, capacity 19568K, committed 19712K, reserved 1067008K
  class space    used 2131K, capacity 2224K, committed 2304K, reserved 1048576K
Event: 10.456 GC heap after
Heap after GC invocations=10 (full 0):
 PSYoungGen      total 38400K, used 491K [0x00000000d5d00000, 0x00000000d8780000, 0x0000000100000000)
  eden space 33280K, 0% used [0x00000000d5d00000,0x00000000d5d00000,0x00000000d7d80000)
  from space 5120K, 9% used [0x00000000d8280000,0x00000000d82fae80,0x00000000d8780000)
  to   space 5120K, 0% used [0x00000000d7d80000,0x00000000d7d80000,0x00000000d8280000)
 ParOldGen       total 87552K, used 10676K [0x0000000081600000, 0x0000000086b80000, 0x00000000d5d00000)
  object space 87552K, 12% used [0x0000000081600000,0x000000008206d230,0x0000000086b80000)
 Metaspace       used 19313K, capacity 19568K, committed 19712K, reserved 1067008K
  class space    used 2131K, capacity 2224K, committed 2304K, reserved 1048576K
}

