# JRE version: Java(TM) SE Runtime Environment (8.0_181-b13) (build 1.8.0_181-b13)
# Java VM: Java HotSpot(TM) 64-Bit Server VM (25.181-b13 mixed mode windows-amd64 compressed oops)
Heap:
 PSYoungGen      total 140800K, used 13639K [0x00000000d5d00000, 0x00000000e3d00000, 0x0000000100000000)
  eden space 133120K, 7% used [0x00000000d5d00000,0x00000000d675f768,0x00000000ddf00000)
  from space 7680K, 39% used [0x00000000ddf00000,0x00000000de1f26b8,0x00000000de680000)
  to   space 8192K, 0% used [0x00000000e3500000,0x00000000e3500000,0x00000000e3d00000)
 ParOldGen       total 87552K, used 9148K [0x0000000081600000, 0x0000000086b80000, 0x00000000d5d00000)
  object space 87552K, 10% used [0x0000000081600000,0x0000000081eef2f0,0x0000000086b80000)
 Metaspace       used 19625K, capacity 19920K, committed 19968K, reserved 1067008K
  class space    used 2151K, capacity 2256K, committed 2304K, reserved 1048576K
GC Heap History (10 events):
Event: 6.406 GC heap before
{Heap before GC invocations=5 (full 0):
 PSYoungGen      total 38400K, used 38376K [0x00000000d5d00000, 0x00000000da800000, 0x0000000100000000)
  eden space 33280K, 100% used [0x00000000d5d00000,0x00000000d7d80000,0x00000000d7d80000)
  from space 5120K, 99% used [0x00000000d8280000,0x00000000d877a120,0x00000000d8780000)
  to   space 5120K, 0% used [0x00000000d7d80000,0x00000000d7d80000,0x00000000d8280000)
 ParOldGen       total 87552K, used 3469K [0x0000000081600000, 0x0000000086b80000, 0x00000000d5d00000)
  object space 87552K, 3% used [0x0000000081600000,0x0000000081963640,0x0000000086b80000)
 Metaspace       used 16750K, capacity 16964K, committed 17152K, reserved 1064960K
  class space    used 1910K, capacity 1982K, committed 2048K, reserved 1048576K
Event: 6.427 GC heap after
Heap after GC invocations=5 (full 0):
 PSYoungGen      total 38400K, used 5108K [0x00000000d5d00000, 0x00000000dad00000, 0x0000000100000000)
  eden space 33280K, 0% used [0x00000000d5d00000,0x00000000d5d00000,0x00000000d7d80000)
  from space 5120K, 99% used [0x00000000d7d80000,0x00000000d827d130,0x00000000d8280000)
  to   space 7680K, 0% used [0x00000000da580000,0x00000000da580000,0x00000000dad00000)
 ParOldGen       total 87552K, used 3573K [0x0000000081600000, 0x0000000086b80000, 0x00000000d5d00000)
  object space 87552K, 4% used [0x0000000081600000,0x000000008197d640,0x0000000086b80000)
 Metaspace       used 16750K, capacity 16964K, committed 17152K, reserved 1064960K
  class space    used 1910K, capacity 1982K, committed 2048K, reserved 1048576K
}
Event: 6.674 GC heap before
{Heap before GC invocations=6 (full 0):
 PSYoungGen      total 38400K, used 38388K [0x00000000d5d00000, 0x00000000dad00000, 0x0000000100000000)
  eden space 33280K, 100% used [0x00000000d5d00000,0x00000000d7d80000,0x00000000d7d80000)
  from space 5120K, 99% used [0x00000000d7d80000,0x00000000d827d130,0x00000000d8280000)
  to   space 7680K, 0% used [0x00000000da580000,0x00000000da580000,0x00000000dad00000)
 ParOldGen       total 87552K, used 3573K [0x0000000081600000, 0x0000000086b80000, 0x00000000d5d00000)
  object space 87552K, 4% used [0x0000000081600000,0x000000008197d640,0x0000000086b80000)
 Metaspace       used 16823K, capacity 17028K, committed 17408K, reserved 1064960K
  class space    used 1912K, capacity 1982K, committed 2048K, reserved 1048576K
Event: 6.706 GC heap after
Heap after GC invocations=6 (full 0):
 PSYoungGen      total 74240K, used 5844K [0x00000000d5d00000, 0x00000000dad00000, 0x0000000100000000)
  eden space 66560K, 0% used [0x00000000d5d00000,0x00000000d5d00000,0x00000000d9e00000)
  from space 7680K, 76% used [0x00000000da580000,0x00000000dab35130,0x00000000dad00000)
  to   space 7680K, 0% used [0x00000000d9e00000,0x00000000d9e00000,0x00000000da580000)
 ParOldGen       total 87552K, used 3581K [0x0000000081600000, 0x0000000086b80000, 0x00000000d5d00000)
  object space 87552K, 4% used [0x0000000081600000,0x000000008197f640,0x0000000086b80000)
 Metaspace       used 16823K, capacity 17028K, committed 17408K, reserved 1064960K
  class space    used 1912K, capacity 1982K, committed 2048K, reserved 1048576K
}
Event: 8.169 GC heap before
{Heap before GC invocations=7 (full 0):
 PSYoungGen      total 74240K, used 72404K [0x00000000d5d00000, 0x00000000dad00000, 0x0000000100000000)
  eden space 66560K, 100% used [0x00000000d5d00000,0x00000000d9e00000,0x00000000d9e00000)
  from space 7680K, 76% used [0x00000000da580000,0x00000000dab35130,0x00000000dad00000)
  to   space 7680K, 0% used [0x00000000d9e00000,0x00000000d9e00000,0x00000000da580000)
 ParOldGen       total 87552K, used 3581K [0x0000000081600000, 0x0000000086b80000, 0x00000000d5d00000)
  object space 87552K, 4% used [0x0000000081600000,0x000000008197f640,0x0000000086b80000)
 Metaspace       used 19164K, capacity 19428K, committed 19712K, reserved 1067008K
  class space    used 2131K, capacity 2222K, committed 2304K, reserved 1048576K
Event: 8.205 GC heap after
Heap after GC invocations=7 (full 0):
 PSYoungGen      total 74240K, used 5372K [0x00000000d5d00000, 0x00000000dee00000, 0x0000000100000000)
  eden space 66560K, 0% used [0x00000000d5d00000,0x00000000d5d00000,0x00000000d9e00000)
  from space 7680K, 69% used [0x00000000d9e00000,0x00000000da33f3f0,0x00000000da580000)
  to   space 7680K, 0% used [0x00000000de680000,0x00000000de680000,0x00000000dee00000)
 ParOldGen       total 87552K, used 7295K [0x0000000081600000, 0x0000000086b80000, 0x00000000d5d00000)
  object space 87552K, 8% used [0x0000000081600000,0x0000000081d1fec0,0x0000000086b80000)
 Metaspace       used 19164K, capacity 19428K, committed 19712K, reserved 1067008K
  class space    used 2131K, capacity 2222K, committed 2304K, reserved 1048576K
}
Event: 9.081 GC heap before
{Heap before GC invocations=8 (full 0):
 PSYoungGen      total 74240K, used 71932K [0x00000000d5d00000, 0x00000000dee00000, 0x0000000100000000)
  eden space 66560K, 100% used [0x00000000d5d00000,0x00000000d9e00000,0x00000000d9e00000)
  from space 7680K, 69% used [0x00000000d9e00000,0x00000000da33f3f0,0x00000000da580000)
  to   space 7680K, 0% used [0x00000000de680000,0x00000000de680000,0x00000000dee00000)
 ParOldGen       total 87552K, used 7295K [0x0000000081600000, 0x0000000086b80000, 0x00000000d5d00000)
  object space 87552K, 8% used [0x0000000081600000,0x0000000081d1fec0,0x0000000086b80000)
 Metaspace       used 19290K, capacity 19568K, committed 19712K, reserved 1067008K
  class space    used 2132K, capacity 2224K, committed 2304K, reserved 1048576K
Event: 9.117 GC heap after
Heap after GC invocations=8 (full 0):
 PSYoungGen      total 140800K, used 2676K [0x00000000d5d00000, 0x00000000dee00000, 0x0000000100000000)
  eden space 133120K, 0% used [0x00000000d5d00000,0x00000000d5d00000,0x00000000ddf00000)
  from space 7680K, 34% used [0x00000000de680000,0x00000000de91d120,0x00000000dee00000)
  to   space 7680K, 0% used [0x00000000ddf00000,0x00000000ddf00000,0x00000000de680000)
 ParOldGen       total 87552K, used 8368K [0x0000000081600000, 0x0000000086b80000, 0x00000000d5d00000)
  object space 87552K, 9% used [0x0000000081600000,0x0000000081e2c2e0,0x0000000086b80000)
 Metaspace       used 19290K, capacity 19568K, committed 19712K, reserved 1067008K
  class space    used 2132K, capacity 2224K, committed 2304K, reserved 1048576K
}
Event: 10.966 GC heap before
{Heap before GC invocations=9 (full 0):
 PSYoungGen      total 140800K, used 135796K [0x00000000d5d00000, 0x00000000dee00000, 0x0000000100000000)
  eden space 133120K, 100% used [0x00000000d5d00000,0x00000000ddf00000,0x00000000ddf00000)
  from space 7680K, 34% used [0x00000000de680000,0x00000000de91d120,0x00000000dee00000)
  to   space 7680K, 0% used [0x00000000ddf00000,0x00000000ddf00000,0x00000000de680000)
 ParOldGen       total 87552K, used 8368K [0x0000000081600000, 0x0000000086b80000, 0x00000000d5d00000)
  object space 87552K, 9% used [0x0000000081600000,0x0000000081e2c2e0,0x0000000086b80000)
 Metaspace       used 19625K, capacity 19920K, committed 19968K, reserved 1067008K
  class space    used 2151K, capacity 2256K, committed 2304K, reserved 1048576K
Event: 11.000 GC heap after
Heap after GC invocations=9 (full 0):
 PSYoungGen      total 140800K, used 3017K [0x00000000d5d00000, 0x00000000e3d00000, 0x0000000100000000)
  eden space 133120K, 0% used [0x00000000d5d00000,0x00000000d5d00000,0x00000000ddf00000)
  from space 7680K, 39% used [0x00000000ddf00000,0x00000000de1f26b8,0x00000000de680000)
  to   space 8192K, 0% used [0x00000000e3500000,0x00000000e3500000,0x00000000e3d00000)
 ParOldGen       total 87552K, used 9148K [0x0000000081600000, 0x0000000086b80000, 0x00000000d5d00000)
  object space 87552K, 10% used [0x0000000081600000,0x0000000081eef2f0,0x0000000086b80000)
 Metaspace       used 19625K, capacity 19920K, committed 19968K, reserved 1067008K
  class space    used 2151K, capacity 2256K, committed 2304K, reserved 1048576K
}

